<?xml version="1.0" encoding="UTF-8"?>
<testsuite name="com.ip.generics.advanced.LambdaExamplesTest" tests="1" skipped="0" failures="0" errors="0" timestamp="2020-06-18T18:18:08" hostname="DESKTOP-QA2NH3N" time="0.04">
  <properties/>
  <testcase name="testOldAndYoungPerson" classname="com.ip.generics.advanced.LambdaExamplesTest" time="0.04"/>
  <system-out><![CDATA[{false=[Person{name='Peggy Olson', age=75}], true=[Person{name='Don Draper', age=89}, Person{name='Bert Cooper', age=100}]}
]]></system-out>
  <system-err><![CDATA[]]></system-err>
</testsuite>
